C:\TEMP\NTWRKGIT\ASSNMNT1\MSGAPPLICATION\MSGCLIENT\DEBUG\BUFFER.OBJ
C:\TEMP\NTWRKGIT\ASSNMNT1\MSGAPPLICATION\MSGCLIENT\DEBUG\MSGCLIENT_MAIN.OBJ
C:\TEMP\NTWRKGIT\ASSNMNT1\MSGAPPLICATION\MSGCLIENT\DEBUG\VC110.PDB
C:\TEMP\NTWRKGIT\ASSNMNT1\MSGAPPLICATION\DEBUG\MSGCLIENT.ILK
C:\TEMP\NTWRKGIT\ASSNMNT1\MSGAPPLICATION\DEBUG\MSGCLIENT.EXE
C:\TEMP\NTWRKGIT\ASSNMNT1\MSGAPPLICATION\DEBUG\MSGCLIENT.PDB
C:\Temp\NtwrkGit\ASSNMNT1\MsgApplication\MsgClient\Debug\buffer.obj
C:\Temp\NtwrkGit\ASSNMNT1\MsgApplication\MsgClient\Debug\MsgClient_main.obj
C:\Temp\NtwrkGit\ASSNMNT1\MsgApplication\MsgClient\Debug\cl.command.1.tlog
C:\Temp\NtwrkGit\ASSNMNT1\MsgApplication\MsgClient\Debug\CL.read.1.tlog
C:\Temp\NtwrkGit\ASSNMNT1\MsgApplication\MsgClient\Debug\CL.write.1.tlog
C:\Temp\NtwrkGit\ASSNMNT1\MsgApplication\MsgClient\Debug\link-cvtres.read.1.tlog
C:\Temp\NtwrkGit\ASSNMNT1\MsgApplication\MsgClient\Debug\link-cvtres.write.1.tlog
C:\Temp\NtwrkGit\ASSNMNT1\MsgApplication\MsgClient\Debug\link-rc.read.1.tlog
C:\Temp\NtwrkGit\ASSNMNT1\MsgApplication\MsgClient\Debug\link-rc.write.1.tlog
C:\Temp\NtwrkGit\ASSNMNT1\MsgApplication\MsgClient\Debug\link.2136-cvtres.read.1.tlog
C:\Temp\NtwrkGit\ASSNMNT1\MsgApplication\MsgClient\Debug\link.2136-cvtres.write.1.tlog
C:\Temp\NtwrkGit\ASSNMNT1\MsgApplication\MsgClient\Debug\link.2136-rc.read.1.tlog
C:\Temp\NtwrkGit\ASSNMNT1\MsgApplication\MsgClient\Debug\link.2136-rc.write.1.tlog
C:\Temp\NtwrkGit\ASSNMNT1\MsgApplication\MsgClient\Debug\link.2136.read.1.tlog
C:\Temp\NtwrkGit\ASSNMNT1\MsgApplication\MsgClient\Debug\link.2136.write.1.tlog
C:\Temp\NtwrkGit\ASSNMNT1\MsgApplication\MsgClient\Debug\link.command.1.tlog
C:\Temp\NtwrkGit\ASSNMNT1\MsgApplication\MsgClient\Debug\link.read.1.tlog
C:\Temp\NtwrkGit\ASSNMNT1\MsgApplication\MsgClient\Debug\link.write.1.tlog
C:\Temp\NtwrkGit\ASSNMNT1\MsgApplication\MsgClient\Debug\vc110.idb
C:\Temp\NtwrkGit\ASSNMNT1\MsgApplication\MsgClient\Debug\vc110.pdb
C:\Temp\NtwrkGit\ASSNMNT1\MsgApplication\Debug\MsgClient.pdb
C:\Temp\NtwrkGit\ASSNMNT1\MsgApplication\Debug\MsgClient.exe
C:\Temp\NtwrkGit\ASSNMNT1\MsgApplication\Debug\MsgClient.ilk
