C:\TEMP\NTWRKGIT\ASSNMNT1\MSGAPPLICATION\MSGSERVER\DEBUG\MSGSERVER_MAIN.OBJ
C:\TEMP\NTWRKGIT\ASSNMNT1\MSGAPPLICATION\MSGSERVER\DEBUG\VC110.PDB
C:\TEMP\NTWRKGIT\ASSNMNT1\MSGAPPLICATION\DEBUG\MSGSERVER.ILK
C:\TEMP\NTWRKGIT\ASSNMNT1\MSGAPPLICATION\DEBUG\MSGSERVER.EXE
C:\TEMP\NTWRKGIT\ASSNMNT1\MSGAPPLICATION\DEBUG\MSGSERVER.PDB
C:\Temp\NtwrkGit\ASSNMNT1\MsgApplication\MsgServer\Debug\MsgServer_main.obj
C:\Temp\NtwrkGit\ASSNMNT1\MsgApplication\MsgServer\Debug\cl.command.1.tlog
C:\Temp\NtwrkGit\ASSNMNT1\MsgApplication\MsgServer\Debug\CL.read.1.tlog
C:\Temp\NtwrkGit\ASSNMNT1\MsgApplication\MsgServer\Debug\CL.write.1.tlog
C:\Temp\NtwrkGit\ASSNMNT1\MsgApplication\MsgServer\Debug\link-cvtres.read.1.tlog
C:\Temp\NtwrkGit\ASSNMNT1\MsgApplication\MsgServer\Debug\link-cvtres.write.1.tlog
C:\Temp\NtwrkGit\ASSNMNT1\MsgApplication\MsgServer\Debug\link-rc.read.1.tlog
C:\Temp\NtwrkGit\ASSNMNT1\MsgApplication\MsgServer\Debug\link-rc.write.1.tlog
C:\Temp\NtwrkGit\ASSNMNT1\MsgApplication\MsgServer\Debug\link.3300-cvtres.read.1.tlog
C:\Temp\NtwrkGit\ASSNMNT1\MsgApplication\MsgServer\Debug\link.3300-cvtres.write.1.tlog
C:\Temp\NtwrkGit\ASSNMNT1\MsgApplication\MsgServer\Debug\link.3300-rc.read.1.tlog
C:\Temp\NtwrkGit\ASSNMNT1\MsgApplication\MsgServer\Debug\link.3300-rc.write.1.tlog
C:\Temp\NtwrkGit\ASSNMNT1\MsgApplication\MsgServer\Debug\link.3300.read.1.tlog
C:\Temp\NtwrkGit\ASSNMNT1\MsgApplication\MsgServer\Debug\link.3300.write.1.tlog
C:\Temp\NtwrkGit\ASSNMNT1\MsgApplication\MsgServer\Debug\link.4204-cvtres.read.1.tlog
C:\Temp\NtwrkGit\ASSNMNT1\MsgApplication\MsgServer\Debug\link.4204-cvtres.write.1.tlog
C:\Temp\NtwrkGit\ASSNMNT1\MsgApplication\MsgServer\Debug\link.4204-rc.read.1.tlog
C:\Temp\NtwrkGit\ASSNMNT1\MsgApplication\MsgServer\Debug\link.4204-rc.write.1.tlog
C:\Temp\NtwrkGit\ASSNMNT1\MsgApplication\MsgServer\Debug\link.4204.read.1.tlog
C:\Temp\NtwrkGit\ASSNMNT1\MsgApplication\MsgServer\Debug\link.4204.write.1.tlog
C:\Temp\NtwrkGit\ASSNMNT1\MsgApplication\MsgServer\Debug\link.5892-cvtres.read.1.tlog
C:\Temp\NtwrkGit\ASSNMNT1\MsgApplication\MsgServer\Debug\link.5892-cvtres.write.1.tlog
C:\Temp\NtwrkGit\ASSNMNT1\MsgApplication\MsgServer\Debug\link.5892-rc.read.1.tlog
C:\Temp\NtwrkGit\ASSNMNT1\MsgApplication\MsgServer\Debug\link.5892-rc.write.1.tlog
C:\Temp\NtwrkGit\ASSNMNT1\MsgApplication\MsgServer\Debug\link.5892.read.1.tlog
C:\Temp\NtwrkGit\ASSNMNT1\MsgApplication\MsgServer\Debug\link.5892.write.1.tlog
C:\Temp\NtwrkGit\ASSNMNT1\MsgApplication\MsgServer\Debug\link.6612-cvtres.read.1.tlog
C:\Temp\NtwrkGit\ASSNMNT1\MsgApplication\MsgServer\Debug\link.6612-cvtres.write.1.tlog
C:\Temp\NtwrkGit\ASSNMNT1\MsgApplication\MsgServer\Debug\link.6612-rc.read.1.tlog
C:\Temp\NtwrkGit\ASSNMNT1\MsgApplication\MsgServer\Debug\link.6612-rc.write.1.tlog
C:\Temp\NtwrkGit\ASSNMNT1\MsgApplication\MsgServer\Debug\link.6612.read.1.tlog
C:\Temp\NtwrkGit\ASSNMNT1\MsgApplication\MsgServer\Debug\link.6612.write.1.tlog
C:\Temp\NtwrkGit\ASSNMNT1\MsgApplication\MsgServer\Debug\link.6920-cvtres.read.1.tlog
C:\Temp\NtwrkGit\ASSNMNT1\MsgApplication\MsgServer\Debug\link.6920-cvtres.write.1.tlog
C:\Temp\NtwrkGit\ASSNMNT1\MsgApplication\MsgServer\Debug\link.6920-rc.read.1.tlog
C:\Temp\NtwrkGit\ASSNMNT1\MsgApplication\MsgServer\Debug\link.6920-rc.write.1.tlog
C:\Temp\NtwrkGit\ASSNMNT1\MsgApplication\MsgServer\Debug\link.6920.read.1.tlog
C:\Temp\NtwrkGit\ASSNMNT1\MsgApplication\MsgServer\Debug\link.6920.write.1.tlog
C:\Temp\NtwrkGit\ASSNMNT1\MsgApplication\MsgServer\Debug\link.8120-cvtres.read.1.tlog
C:\Temp\NtwrkGit\ASSNMNT1\MsgApplication\MsgServer\Debug\link.8120-cvtres.write.1.tlog
C:\Temp\NtwrkGit\ASSNMNT1\MsgApplication\MsgServer\Debug\link.8120-rc.read.1.tlog
C:\Temp\NtwrkGit\ASSNMNT1\MsgApplication\MsgServer\Debug\link.8120-rc.write.1.tlog
C:\Temp\NtwrkGit\ASSNMNT1\MsgApplication\MsgServer\Debug\link.8120.read.1.tlog
C:\Temp\NtwrkGit\ASSNMNT1\MsgApplication\MsgServer\Debug\link.8120.write.1.tlog
C:\Temp\NtwrkGit\ASSNMNT1\MsgApplication\MsgServer\Debug\link.command.1.tlog
C:\Temp\NtwrkGit\ASSNMNT1\MsgApplication\MsgServer\Debug\link.read.1.tlog
C:\Temp\NtwrkGit\ASSNMNT1\MsgApplication\MsgServer\Debug\link.write.1.tlog
C:\Temp\NtwrkGit\ASSNMNT1\MsgApplication\MsgServer\Debug\vc110.idb
C:\Temp\NtwrkGit\ASSNMNT1\MsgApplication\MsgServer\Debug\vc110.pdb
C:\Temp\NtwrkGit\ASSNMNT1\MsgApplication\Debug\MsgServer.pdb
C:\Temp\NtwrkGit\ASSNMNT1\MsgApplication\Debug\MsgServer.exe
C:\Temp\NtwrkGit\ASSNMNT1\MsgApplication\Debug\MsgServer.ilk
